<?xml version="1.0" encoding="UTF-8"?>
<testsuites name="bun test" tests="945" assertions="4718" failures="0" skipped="0" time="45.69994065">
  <testsuite name="test/adapter-server-model-wiring.test.ts" file="test/adapter-server-model-wiring.test.ts" tests="1" assertions="3" failures="0" skipped="0" time="0" hostname="snowyserver-n100">
    <testsuite name="adapter server model wiring" file="test/adapter-server-model-wiring.test.ts" line="7" tests="1" assertions="3" failures="0" skipped="0" time="0.05" hostname="snowyserver-n100">
      <testcase name="passes one reader-factory identity and the resolved neutral workspace to shipped routes" classname="adapter server model wiring" time="0.050341" file="test/adapter-server-model-wiring.test.ts" line="8" assertions="3" />
    </testsuite>
  </testsuite>
  <testsuite name="test/path-security.test.ts" file="test/path-security.test.ts" tests="3" assertions="4" failures="0" skipped="0" time="0" hostname="snowyserver-n100">
    <testsuite name="path security" file="test/path-security.test.ts" line="7" tests="3" assertions="4" failures="0" skipped="0" time="0.003" hostname="snowyserver-n100">
      <testcase name="allows files and prospective children under an allowed root" classname="path security" time="0.001255" file="test/path-security.test.ts" line="8" assertions="2" />
      <testcase name="rejects traversal outside allowed roots" classname="path security" time="0.002951" file="test/path-security.test.ts" line="25" assertions="1" />
      <testcase name="rejects symlink escapes from allowed roots" classname="path security" time="0.000638" file="test/path-security.test.ts" line="41" assertions="1" />
    </testsuite>
  </testsuite>
  <testsuite name="test/gjc-session-mapping-store-conformance.test.ts" file="test/gjc-session-mapping-store-conformance.test.ts" tests="18" assertions="86" failures="0" skipped="0" time="0.057" hostname="snowyserver-n100">
    <testsuite name="session mapping store authority conformance" file="test/gjc-session-mapping-store-conformance.test.ts" line="58" tests="12" assertions="68" failures="0" skipped="0" time="0.053" hostname="snowyserver-n100">
      <testsuite name="project reassignment" file="test/gjc-session-mapping-store-conformance.test.ts" line="59" tests="10" assertions="34" failures="0" skipped="0" time="0.112" hostname="snowyserver-n100">
        <testcase name="memoryHarness commits only the exact target and retains source operation authority" classname="project reassignment &amp;gt; session mapping store authority conformance" time="0.00538" file="test/gjc-session-mapping-store-conformance.test.ts" line="61" assertions="8" />
        <testcase name="memoryHarness retains older source tombstones after retrying a rolled-back reassignment" classname="project reassignment &amp;gt; session mapping store authority conformance" time="0.001317" file="test/gjc-session-mapping-store-conformance.test.ts" line="144" assertions="4" />
        <testcase name="memoryHarness rejects reassignment while a source operation is in flight" classname="project reassignment &amp;gt; session mapping store authority conformance" time="0.000284" file="test/gjc-session-mapping-store-conformance.test.ts" line="246" assertions="1" />
        <testcase name="memoryHarness rejects a source operation after reassignment begins" classname="project reassignment &amp;gt; session mapping store authority conformance" time="0.000243" file="test/gjc-session-mapping-store-conformance.test.ts" line="263" assertions="1" />
        <testcase name="memoryHarness rolls an interrupted target back without deleting source authority" classname="project reassignment &amp;gt; session mapping store authority conformance" time="0.000563" file="test/gjc-session-mapping-store-conformance.test.ts" line="280" assertions="3" />
        <testcase name="fileHarness commits only the exact target and retains source operation authority" classname="project reassignment &amp;gt; session mapping store authority conformance" time="0.031159" file="test/gjc-session-mapping-store-conformance.test.ts" line="61" assertions="8" />
        <testcase name="fileHarness retains older source tombstones after retrying a rolled-back reassignment" classname="project reassignment &amp;gt; session mapping store authority conformance" time="0.042245" file="test/gjc-session-mapping-store-conformance.test.ts" line="144" assertions="4" />
        <testcase name="fileHarness rejects reassignment while a source operation is in flight" classname="project reassignment &amp;gt; session mapping store authority conformance" time="0.008412" file="test/gjc-session-mapping-store-conformance.test.ts" line="246" assertions="1" />
        <testcase name="fileHarness rejects a source operation after reassignment begins" classname="project reassignment &amp;gt; session mapping store authority conformance" time="0.008419" file="test/gjc-session-mapping-store-conformance.test.ts" line="263" assertions="1" />
        <testcase name="fileHarness rolls an interrupted target back without deleting source authority" classname="project reassignment &amp;gt; session mapping store authority conformance" time="0.017851" file="test/gjc-session-mapping-store-conformance.test.ts" line="280" assertions="3" />
      </testsuite>
      <testcase name="memoryHarness" classname="session mapping store authority conformance" time="0.001298" file="test/gjc-session-mapping-store-conformance.test.ts" line="320" assertions="17" />
      <testcase name="fileHarness" classname="session mapping store authority conformance" time="0.052861" file="test/gjc-session-mapping-store-conformance.test.ts" line="320" assertions="17" />
    </testsuite>
    <testcase name="file rejects an invalid retained prior tombstone during a pending reassignment" classname="" time="0.019863" file="test/gjc-session-mapping-store-conformance.test.ts" line="448" assertions="1" />
    <testcase name="file accepts reassignment back to a prior project" classname="" time="0.025183" file="test/gjc-session-mapping-store-conformance.test.ts" line="488" assertions="2" />
    <testcase name="file rejects persisted journal/provisional cross-field collisions in either order" classname="" time="0.012602" file="test/gjc-session-mapping-store-conformance.test.ts" line="536" assertions="2" />
    <testcase name="journal merge rejects cross-field collisions in either order" classname="" time="0.000313" file="test/gjc-session-mapping-store-conformance.test.ts" line="564" assertions="2" />
    <testcase name="canonical session mapping keys preserve tuple boundaries" classname="" time="0.00011" file="test/gjc-session-mapping-store-conformance.test.ts" line="579" assertions="2" />
    <testcase name="memory scoped mappings isolate same-chat principals and operations" classname="" time="0.001647" file="test/gjc-session-mapping-store-conformance.test.ts" line="586" assertions="9" />
  </testsuite>
  <testsuite name="test/gjc-routing-runner-events.test.ts" file="test/gjc-routing-runner-events.test.ts" tests="3" assertions="6" failures="0" skipped="0" time="0" hostname="snowyserver-n100">
    <testsuite name="createGjcRoutingLiveGatewayRunner event projection" file="test/gjc-routing-runner-events.test.ts" line="70" tests="3" assertions="6" failures="0" skipped="0" time="0.011" hostname="snowyserver-n100">
      <testcase name="projects GJC agent lifecycle events as visible subagent status events" classname="createGjcRoutingLiveGatewayRunner event projection" time="0.008506" file="test/gjc-routing-runner-events.test.ts" line="71" assertions="3" />
      <testcase name="omits raw unsupported GJC event text from OpenWebUI status metadata" classname="createGjcRoutingLiveGatewayRunner event projection" time="0.001174" file="test/gjc-routing-runner-events.test.ts" line="128" assertions="2" />
      <testcase name="projects workflow gates with structured OpenWebUI status metadata" classname="createGjcRoutingLiveGatewayRunner event projection" time="0.002359" file="test/gjc-routing-runner-events.test.ts" line="165" assertions="1" />
    </testsuite>
  </testsuite>
  <testsuite name="test/configure-credentials.test.ts" file="test/configure-credentials.test.ts" tests="6" assertions="21" failures="0" skipped="0" time="0" hostname="snowyserver-n100">
    <testsuite name="configure credential boundaries" file="test/configure-credentials.test.ts" line="35" tests="6" assertions="21" failures="0" skipped="0" time="0.004" hostname="snowyserver-n100">
      <testcase name="accepts strict direct installed fields and rejects them in managed records" classname="configure credential boundaries" time="0.000977" file="test/configure-credentials.test.ts" line="36" assertions="4" />
      <testcase name="parses direct GJC location flags and rejects them together in managed mode" classname="configure credential boundaries" time="0.000463" file="test/configure-credentials.test.ts" line="78" assertions="3" />
      <testcase name="reads exactly one bounded secret from an injected FD" classname="configure credential boundaries" time="0.001072" file="test/configure-credentials.test.ts" line="102" assertions="2" />
      <testcase name="rejects invalid, empty, and oversized descriptors without exposing content" classname="configure credential boundaries" time="0.000486" file="test/configure-credentials.test.ts" line="117" assertions="3" />
      <testcase name="refuses token display without same TTY and writes only with same TTY" classname="configure credential boundaries" time="0.000227" file="test/configure-credentials.test.ts" line="133" assertions="4" />
      <testcase name="runCli only reveals a token through the explicitly shared controlling terminal" classname="configure credential boundaries" time="0.003821" file="test/configure-credentials.test.ts" line="144" assertions="5" />
    </testsuite>
  </testsuite>
  <testsuite name="test/cli-module-boundaries.test.ts" file="test/cli-module-boundaries.test.ts" tests="9" assertions="69" failures="0" skipped="0" time="0" hostname="snowyserver-n100">
    <testsuite name="CLI module boundaries" file="test/cli-module-boundaries.test.ts" line="126" tests="9" assertions="69" failures="0" skipped="0" time="0.002" hostname="snowyserver-n100">
      <testcase name="exposes the pinned facade runtime manifest and function arities" classname="CLI module boundaries" time="0.000214" file="test/cli-module-boundaries.test.ts" line="127" assertions="2" />
      <testcase name="preserves normalized top-level existing and managed help output" classname="CLI module boundaries" time="0.001026" file="test/cli-module-boundaries.test.ts" line="155" assertions="46" />
      <testcase name="pins config outputs diagnostics and validation message order" classname="CLI module boundaries" time="0.001261" file="test/cli-module-boundaries.test.ts" line="227" assertions="4" />
      <testcase name="requires exactly the two planned extraction modules" classname="CLI module boundaries" time="0.000189" file="test/cli-module-boundaries.test.ts" line="280" assertions="1" />
      <testcase name="keeps the CLI facade within the pure LOC law" classname="CLI module boundaries" time="0.000288" file="test/cli-module-boundaries.test.ts" line="294" assertions="1" />
      <testcase name="pins explicit live package exports and blocks internal live modules" classname="CLI module boundaries" time="0.000226" file="test/cli-module-boundaries.test.ts" line="304" assertions="6" />
      <testcase name="resolves supported live consumer paths but rejects internals" classname="CLI module boundaries" time="0.000452" file="test/cli-module-boundaries.test.ts" line="327" assertions="7" />
      <testcase name="keeps the live routing type graph below the runner facade" classname="CLI module boundaries" time="0.000565" file="test/cli-module-boundaries.test.ts" line="344" assertions="1" />
      <testcase name="enforces the exact acyclic CLI import graph" classname="CLI module boundaries" time="0.000967" file="test/cli-module-boundaries.test.ts" line="363" assertions="1" />
    </testsuite>
  </testsuite>
  <testsuite name="test/openwebui-file-bytes-client.test.ts" file="test/openwebui-file-bytes-client.test.ts" tests="2" assertions="4" failures="0" skipped="0" time="0" hostname="snowyserver-n100">
    <testsuite name="OpenWebUIHttpClient original file bytes" file="test/openwebui-file-bytes-client.test.ts" line="5" tests="2" assertions="4" failures="0" skipped="0" time="0.009" hostname="snowyserver-n100">
      <testcase name="downloads original OpenWebUI file bytes for direct GJC file handoff" classname="OpenWebUIHttpClient original file bytes" time="0.006868" file="test/openwebui-file-bytes-client.test.ts" line="6" assertions="2" />
      <testcase name="treats missing original OpenWebUI file bytes as unavailable fallback material" classname="OpenWebUIHttpClient original file bytes" time="0.003271" file="test/openwebui-file-bytes-client.test.ts" line="30" assertions="2" />
    </testsuite>
  </testsuite>
  <testsuite name="test/real-runtime-safety-scenarios.test.ts" file="test/real-runtime-safety-scenarios.test.ts" tests="4" assertions="28" failures="0" skipped="0" time="0" hostname="snowyserver-n100">
    <testsuite name="real runtime project safety scenarios" file="test/real-runtime-safety-scenarios.test.ts" line="21" tests="4" assertions="28" failures="0" skipped="0" time="4.976" hostname="snowyserver-n100">
      <testcase name="rejects every stale linked or unlinked row before runner or listener startup without changing SQLite" classname="real runtime project safety scenarios" time="2.61957" file="test/real-runtime-safety-scenarios.test.ts" line="22" assertions="12" />
      <testcase name="prevalidates the complete configured batch before writing any registration" classname="real runtime project safety scenarios" time="0.02365" file="test/real-runtime-safety-scenarios.test.ts" line="69" assertions="2" />
      <testcase name="drives unsafe and safe admin and slash links through a real loopback server" classname="real runtime project safety scenarios" time="0.030723" file="test/real-runtime-safety-scenarios.test.ts" line="93" assertions="7" />
      <testcase name="preserves a dirty Git worktree when managed runtime fields arrive through flags or JSON" classname="real runtime project safety scenarios" time="2.304023" file="test/real-runtime-safety-scenarios.test.ts" line="139" assertions="7" />
    </testsuite>
  </testsuite>
  <testsuite name="test/workflow-gates.test.ts" file="test/workflow-gates.test.ts" tests="15" assertions="30" failures="0" skipped="0" time="0" hostname="snowyserver-n100">
    <testsuite name="resolveWorkflowGateAnswer" file="test/workflow-gates.test.ts" line="26" tests="15" assertions="30" failures="0" skipped="0" time="0" hostname="snowyserver-n100">
      <testcase name="projects workflow gate options as a numbered OpenWebUI reply prompt" classname="resolveWorkflowGateAnswer" time="0.000088" file="test/workflow-gates.test.ts" line="27" assertions="5" />
      <testcase name="maps a numbered deep-interview reply into the structured GJC answer" classname="resolveWorkflowGateAnswer" time="0.000294" file="test/workflow-gates.test.ts" line="37" assertions="1" />
      <testcase name="maps a numbered decision gate reply into the structured decision answer" classname="resolveWorkflowGateAnswer" time="0.000595" file="test/workflow-gates.test.ts" line="43" assertions="1" />
      <testcase name="maps deep-interview free text and clarification replies into schema-shaped answers" classname="resolveWorkflowGateAnswer" time="0.000511" file="test/workflow-gates.test.ts" line="49" assertions="2" />
      <testcase name="rejects out-of-range numbered workflow gate replies" classname="resolveWorkflowGateAnswer" time="0.00007" file="test/workflow-gates.test.ts" line="60" assertions="1" />
      <testcase name="accepts a valid answer and binds the next user message" classname="resolveWorkflowGateAnswer" time="0.000344" file="test/workflow-gates.test.ts" line="70" assertions="2" />
      <testcase name="rejects invalid answers while keeping the gate pending and unbound" classname="resolveWorkflowGateAnswer" time="0.000083" file="test/workflow-gates.test.ts" line="84" assertions="2" />
      <testcase name="rejects prototype-chain answers that only satisfy required fields through __proto__" classname="resolveWorkflowGateAnswer" time="0.000067" file="test/workflow-gates.test.ts" line="98" assertions="2" />
      <testcase name="validates root string enum gate schemas" classname="resolveWorkflowGateAnswer" time="0.000058" file="test/workflow-gates.test.ts" line="113" assertions="1" />
      <testcase name="rejects invalid root boolean gate answers" classname="resolveWorkflowGateAnswer" time="0.000047" file="test/workflow-gates.test.ts" line="122" assertions="2" />
      <testcase name="rejects string answers longer than the advertised maxLength" classname="resolveWorkflowGateAnswer" time="0.000067" file="test/workflow-gates.test.ts" line="132" assertions="2" />
      <testcase name="validates root null gate answers from chat replies" classname="resolveWorkflowGateAnswer" time="0.0001" file="test/workflow-gates.test.ts" line="154" assertions="1" />
      <testcase name="validates schema-valued additional properties" classname="resolveWorkflowGateAnswer" time="0.000127" file="test/workflow-gates.test.ts" line="160" assertions="2" />
      <testcase name="projects pending gates as assistant-visible messages" classname="resolveWorkflowGateAnswer" time="0.000068" file="test/workflow-gates.test.ts" line="191" assertions="3" />
      <testcase name="rejects ambiguous multiple pending gates without binding either gate" classname="resolveWorkflowGateAnswer" time="0.000111" file="test/workflow-gates.test.ts" line="202" assertions="3" />
    </testsuite>
  </testsuite>
  <testsuite name="test/openwebui-memory-client.test.ts" file="test/openwebui-memory-client.test.ts" tests="2" assertions="5" failures="0" skipped="0" time="0" hostname="snowyserver-n100">
    <testsuite name="InMemoryOpenWebUIProjectionRepository" file="test/openwebui-memory-client.test.ts" line="5" tests="2" assertions="5" failures="0" skipped="0" time="0" hostname="snowyserver-n100">
      <testcase name="scopes folders and chats by owner id" classname="InMemoryOpenWebUIProjectionRepository" time="0.000884" file="test/openwebui-memory-client.test.ts" line="6" assertions="3" />
      <testcase name="preserves non-adapter chat metadata, rating, and title on adapter upsert" classname="InMemoryOpenWebUIProjectionRepository" time="0.000284" file="test/openwebui-memory-client.test.ts" line="35" assertions="2" />
    </testsuite>
  </testsuite>
  <testsuite name="test/session-sync-collision.test.ts" file="test/session-sync-collision.test.ts" tests="3" assertions="15" failures="0" skipped="0" time="0" hostname="snowyserver-n100">
    <testsuite name="syncProjectSessionsToOpenWebUI collision handling" file="test/session-sync-collision.test.ts" line="54" tests="3" assertions="15" failures="0" skipped="0" time="0.017" hostname="snowyserver-n100">
      <testcase name="skips an SDK session owned by another project when cwd encodings collide" classname="syncProjectSessionsToOpenWebUI collision handling" time="0.007511" file="test/session-sync-collision.test.ts" line="55" assertions="5" />
      <testcase name="imports a configured-root session whose cwd is a symlink-equivalent project path" classname="syncProjectSessionsToOpenWebUI collision handling" time="0.006215" file="test/session-sync-collision.test.ts" line="104" assertions="2" />
      <testcase name="keeps same-basename projects with shared session ids in separate folders and chats" classname="syncProjectSessionsToOpenWebUI collision handling" time="0.004134" file="test/session-sync-collision.test.ts" line="135" assertions="8" />
    </testsuite>
  </testsuite>
  <testsuite name="test/configure-openwebui-setup.test.ts" file="test/configure-openwebui-setup.test.ts" tests="12" assertions="48" failures="0" skipped="0" time="0" hostname="snowyserver-n100">
    <testsuite name="OpenWebUI v0.10 setup contract" file="test/configure-openwebui-setup.test.ts" line="53" tests="11" assertions="46" failures="0" skipped="0" time="0.002" hostname="snowyserver-n100">
      <testcase name="uses session authentication only for key creation, then leaves provider model discovery dynamic" classname="OpenWebUI v0.10 setup contract" time="0.002439" file="test/configure-openwebui-setup.test.ts" line="54" assertions="8" />
      <testcase name="persists bootstrap completion across the managed api-key and provider invocations" classname="OpenWebUI v0.10 setup contract" time="0.000482" file="test/configure-openwebui-setup.test.ts" line="86" assertions="7" />
      <testcase name="keeps a supplied durable API key out of a rerun checkpoint&apos;s session flow" classname="OpenWebUI v0.10 setup contract" time="0.000281" file="test/configure-openwebui-setup.test.ts" line="116" assertions="3" />
      <testcase name="existing mode only validates supplied owner token" classname="OpenWebUI v0.10 setup contract" time="0.000271" file="test/configure-openwebui-setup.test.ts" line="138" assertions="2" />
      <testcase name="rejects existing mode against an unsupported OpenWebUI version before token validation" classname="OpenWebUI v0.10 setup contract" time="0.000221" file="test/configure-openwebui-setup.test.ts" line="147" assertions="2" />
      <testcase name="rejects a foreign nonempty provider list" classname="OpenWebUI v0.10 setup contract" time="0.00043" file="test/configure-openwebui-setup.test.ts" line="160" assertions="1" />
      <testcase name="migrates a legacy owned model pin to dynamic discovery" classname="OpenWebUI v0.10 setup contract" time="0.000387" file="test/configure-openwebui-setup.test.ts" line="169" assertions="2" />
      <testcase name="rejects signup without a session token" classname="OpenWebUI v0.10 setup contract" time="0.000234" file="test/configure-openwebui-setup.test.ts" line="196" assertions="1" />
      <testcase name="recovers an interrupted signup before API-key persistence without re-signing up" classname="OpenWebUI v0.10 setup contract" time="0.000578" file="test/configure-openwebui-setup.test.ts" line="206" assertions="7" />
      <testcase name="recovers a signup that completed before its session checkpoint was persisted" classname="OpenWebUI v0.10 setup contract" time="0.000751" file="test/configure-openwebui-setup.test.ts" line="237" assertions="8" />
      <testcase name="recovers controller bootstrap completion with no API key by signing up once" classname="OpenWebUI v0.10 setup contract" time="0.000384" file="test/configure-openwebui-setup.test.ts" line="275" assertions="5" />
    </testsuite>
    <testcase name="refuses non-admin existing token before lifecycle mutation" classname="" time="0.000214" file="test/configure-openwebui-setup.test.ts" line="297" assertions="2" />
  </testsuite>
  <testsuite name="test/openwebui-persistence-contract.test.ts" file="test/openwebui-persistence-contract.test.ts" tests="3" assertions="4" failures="0" skipped="0" time="0" hostname="snowyserver-n100">
    <testsuite name="OpenWebUI persistence contract" file="test/openwebui-persistence-contract.test.ts" line="9" tests="3" assertions="4" failures="0" skipped="0" time="0.001" hostname="snowyserver-n100">
      <testcase name="defines the exact Phase 0 DB fallback tables" classname="OpenWebUI persistence contract" time="0.001513" file="test/openwebui-persistence-contract.test.ts" line="10" assertions="1" />
      <testcase name="defines adapter metadata namespace" classname="OpenWebUI persistence contract" time="0.000087" file="test/openwebui-persistence-contract.test.ts" line="14" assertions="1" />
      <testcase name="defines supported endpoint names and ownership preservation fields" classname="OpenWebUI persistence contract" time="0.000046" file="test/openwebui-persistence-contract.test.ts" line="18" assertions="2" />
    </testsuite>
  </testsuite>
  <testsuite name="test/real-selection-effect-schemas.test.ts" file="test/real-selection-effect-schemas.test.ts" tests="1" assertions="12" failures="0" skipped="0" time="0" hostname="snowyserver-n100">
    <testsuite name="real selection effect boundary schemas" file="test/real-selection-effect-schemas.test.ts" line="4" tests="1" assertions="12" failures="0" skipped="0" time="0.001" hostname="snowyserver-n100">
      <testcase name="rejects noncanonical events and preserves every outbox mutation field" classname="real selection effect boundary schemas" time="0.001352" file="test/real-selection-effect-schemas.test.ts" line="5" assertions="12" />
    </testsuite>
  </testsuite>
  <testsuite name="test/openwebui-prompt-hints.test.ts" file="test/openwebui-prompt-hints.test.ts" tests="10" assertions="28" failures="0" skipped="0" time="0" hostname="snowyserver-n100">
    <testsuite name="OpenWebUI prompt hints" file="test/openwebui-prompt-hints.test.ts" line="10" tests="10" assertions="28" failures="0" skipped="0" time="0.059" hostname="snowyserver-n100">
      <testcase name="creates missing GJC slash-command prompts and reports a verified seed" classname="OpenWebUI prompt hints" time="0.011114" file="test/openwebui-prompt-hints.test.ts" line="11" assertions="5" />
      <testcase name="updates stale GJC prompt hints and leaves matching hints unchanged" classname="OpenWebUI prompt hints" time="0.005982" file="test/openwebui-prompt-hints.test.ts" line="48" assertions="3" />
      <testcase name="finds existing GJC prompt hints beyond the first OpenWebUI prompt page" classname="OpenWebUI prompt hints" time="0.008338" file="test/openwebui-prompt-hints.test.ts" line="99" assertions="3" />
      <testcase name="does not overwrite user-owned prompts that collide with GJC hint commands" classname="OpenWebUI prompt hints" time="0.004844" file="test/openwebui-prompt-hints.test.ts" line="150" assertions="3" />
      <testcase name="fails with a typed degraded error when create is acknowledged but the row is missing on readback" classname="OpenWebUI prompt hints" time="0.005799" file="test/openwebui-prompt-hints.test.ts" line="188" assertions="3" />
      <testcase name="fails with a typed degraded error when an updated prompt remains inactive" classname="OpenWebUI prompt hints" time="0.006671" file="test/openwebui-prompt-hints.test.ts" line="214" assertions="2" />
      <testcase name="fails with a typed degraded error when stale content or metadata survives update" classname="OpenWebUI prompt hints" time="0.004849" file="test/openwebui-prompt-hints.test.ts" line="241" assertions="2" />
      <testcase name="revokes only canonical marker-owned project hints and quarantines ambiguity" classname="OpenWebUI prompt hints" time="0.006545" file="test/openwebui-prompt-hints.test.ts" line="267" assertions="4" />
      <testcase name="rerunning revocation is idempotent and still reports unresolved quarantine" classname="OpenWebUI prompt hints" time="0.006298" file="test/openwebui-prompt-hints.test.ts" line="347" assertions="2" />
      <testcase name="fails closed when a revoke does not disappear on readback" classname="OpenWebUI prompt hints" time="0.004557" file="test/openwebui-prompt-hints.test.ts" line="380" assertions="1" />
    </testsuite>
  </testsuite>
  <testsuite name="test/configure-urls.test.ts" file="test/configure-urls.test.ts" tests="9" assertions="17" failures="0" skipped="0" time="0" hostname="snowyserver-n100">
    <testsuite name="configure URL and persistence contracts" file="test/configure-urls.test.ts" line="48" tests="9" assertions="17" failures="0" skipped="0" time="0.058" hostname="snowyserver-n100">
      <testcase name="canonicalizes ingress and appends exactly one /v1" classname="configure URL and persistence contracts" time="0.022305" file="test/configure-urls.test.ts" line="49" assertions="3" />
      <testcase name="keeps the adapter token stable when the existing route is rerun" classname="configure URL and persistence contracts" time="0.022693" file="test/configure-urls.test.ts" line="72" assertions="3" />
      <testcase name="persists config and lock with restrictive permissions" classname="configure URL and persistence contracts" time="0.004733" file="test/configure-urls.test.ts" line="95" assertions="5" />
      <testcase name="recovers a configuration lock left by a dead owner" classname="configure URL and persistence contracts" time="0.002597" file="test/configure-urls.test.ts" line="126" assertions="0" />
      <testcase name="does not reclaim an incomplete lock while its owner may still be initializing" classname="configure URL and persistence contracts" time="0.001888" file="test/configure-urls.test.ts" line="138" assertions="1" />
      <testcase name="recovers a stale lock-recovery marker" classname="configure URL and persistence contracts" time="0.001129" file="test/configure-urls.test.ts" line="149" assertions="0" />
      <testcase name="rejects a symbolic-link configuration lock before reading its owner" classname="configure URL and persistence contracts" time="0.000377" file="test/configure-urls.test.ts" line="161" assertions="1" />
      <testcase name="serializes configuration routes through one per-user lock" classname="configure URL and persistence contracts" time="0.002696" file="test/configure-urls.test.ts" line="172" assertions="3" />
      <testcase name="releases the config lock when route-lock acquisition fails" classname="configure URL and persistence contracts" time="0.004572" file="test/configure-urls.test.ts" line="189" assertions="1" />
    </testsuite>
  </testsuite>
  <testsuite name="test/project-registration-startup-preflight.test.ts" file="test/project-registration-startup-preflight.test.ts" tests="9" assertions="265" failures="0" skipped="0" time="0.74" hostname="snowyserver-n100">
    <testcase name="rejects the bijective 32-case DELETE-journal matrix before projection writes" classname="" time="0.358335" file="test/project-registration-startup-preflight.test.ts" line="23" assertions="129" />
    <testcase name="rejects WAL-only current linked cwd with a 0-to-1 row witness" classname="" time="0.015885" file="test/project-registration-startup-preflight.test.ts" line="37" assertions="8" />
    <testcase name="rejects WAL-only exact legacy unlinked session_root with a 0-to-1 row witness" classname="" time="0.016161" file="test/project-registration-startup-preflight.test.ts" line="43" assertions="6" />
    <testcase name="rejects every incompatible schema and row domain without mutation" classname="" time="0.242486" file="test/project-registration-startup-preflight.test.ts" line="49" assertions="75" />
    <testcase name="rejects uppercase-model schema spoof without mutation" classname="" time="0.010345" file="test/project-registration-startup-preflight.test.ts" line="60" assertions="3" />
    <testcase name="rejects hidden-model schema spoof without mutation" classname="" time="0.008068" file="test/project-registration-startup-preflight.test.ts" line="60" assertions="3" />
    <testcase name="rejects virtual schema spoof without mutation" classname="" time="0.011026" file="test/project-registration-startup-preflight.test.ts" line="60" assertions="3" />
    <testcase name="rejects index schema spoof without mutation" classname="" time="0.009385" file="test/project-registration-startup-preflight.test.ts" line="60" assertions="3" />
    <testcase name="rejects rollback, aliases, every orphan/sidecar, and nonregular main variants" classname="" time="0.071191" file="test/project-registration-startup-preflight.test.ts" line="62" assertions="35" />
  </testsuite>
  <testsuite name="test/health.test.ts" file="test/health.test.ts" tests="2" assertions="4" failures="0" skipped="0" time="0" hostname="snowyserver-n100">
    <testsuite name="buildHealthReport" file="test/health.test.ts" line="4" tests="2" assertions="4" failures="0" skipped="0" time="0.001" hostname="snowyserver-n100">
      <testcase name="reports ok with no degraded checks" classname="buildHealthReport" time="0.00174" file="test/health.test.ts" line="5" assertions="2" />
      <testcase name="reports degraded when any check is degraded" classname="buildHealthReport" time="0.000092" file="test/health.test.ts" line="10" assertions="2" />
    </testsuite>
  </testsuite>
  <testsuite name="test/public-sdk-session-port.test.ts" file="test/public-sdk-session-port.test.ts" tests="7" assertions="34" failures="0" skipped="0" time="0" hostname="snowyserver-n100">
    <testsuite name="published SDK endpoint attachment" file="test/public-sdk-session-port.test.ts" line="14" tests="5" assertions="29" failures="0" skipped="0" time="0.034" hostname="snowyserver-n100">
      <testcase name="authorizes only the descriptor bytes held after discovery" classname="published SDK endpoint attachment" time="0.001332" file="test/public-sdk-session-port.test.ts" line="15" assertions="2" />
      <testcase name="reads held descriptor payloads positionally across repeated authority checks" classname="published SDK endpoint attachment" time="0.02999" file="test/public-sdk-session-port.test.ts" line="33" assertions="3" />
      <testcase name="rejects missing or noncanonical payload digests at attach while coordinator entry uses session scope" classname="published SDK endpoint attachment" time="0.000409" file="test/public-sdk-session-port.test.ts" line="62" assertions="3" />
      <testcase name="rejects malformed and non-local endpoint descriptors" classname="published SDK endpoint attachment" time="0.001593" file="test/public-sdk-session-port.test.ts" line="89" assertions="19" />
      <testcase name="rejects FIFO and oversized sparse descriptors before parsing or allocation" classname="published SDK endpoint attachment" time="0.003095" file="test/public-sdk-session-port.test.ts" line="128" assertions="2" />
    </testsuite>
    <testsuite name="SDK transaction deadlines" file="test/public-sdk-session-port.test.ts" line="157" tests="2" assertions="5" failures="0" skipped="0" time="0" hostname="snowyserver-n100">
      <testcase name="uses one fake-clock budget across baseline, control, terminal, and proof phases" classname="SDK transaction deadlines" time="0.000143" file="test/public-sdk-session-port.test.ts" line="158" assertions="4" />
      <testcase name="fails before a late fallback/proof phase receives a renewed timeout" classname="SDK transaction deadlines" time="0.000105" file="test/public-sdk-session-port.test.ts" line="174" assertions="1" />
    </testsuite>
  </testsuite>
  <testsuite name="test/live-model-reader.test.ts" file="test/live-model-reader.test.ts" tests="5" assertions="8" failures="0" skipped="0" time="0" hostname="snowyserver-n100">
    <testsuite name="createModelReaderFactory" file="test/live-model-reader.test.ts" line="14" tests="5" assertions="8" failures="0" skipped="0" time="0.009" hostname="snowyserver-n100">
      <testcase name="attaches a fresh public SDK port for each reader and detaches on stop" classname="createModelReaderFactory" time="0.001026" file="test/live-model-reader.test.ts" line="15" assertions="3" />
      <testcase name="closes a one-shot catalog session before detaching its port" classname="createModelReaderFactory" time="0.00029" file="test/live-model-reader.test.ts" line="36" assertions="1" />
      <testcase name="quarantines a port when public attachment is rejected before acceptance" classname="createModelReaderFactory" time="0.000289" file="test/live-model-reader.test.ts" line="53" assertions="2" />
      <testcase name="uses the published descriptor as the default attachment authority" classname="createModelReaderFactory" time="0.008607" file="test/live-model-reader.test.ts" line="65" assertions="1" />
      <testcase name="does not fall back to another transport when no public attachment resolver is configured" classname="createModelReaderFactory" time="0.000379" file="test/live-model-reader.test.ts" line="90" assertions="1" />
    </testsuite>
  </testsuite>
  <testsuite name="test/runtime-location-composition.test.ts" file="test/runtime-location-composition.test.ts" tests="12" assertions="58" failures="0" skipped="0" time="0" hostname="snowyserver-n100">
    <testsuite name="runtime location composition" file="test/runtime-location-composition.test.ts" line="58" tests="12" assertions="58" failures="0" skipped="0" time="0.016" hostname="snowyserver-n100">
      <testcase name="required builder and renderer seams reject omitted resolved locations" classname="runtime location composition" time="0.001063" file="test/runtime-location-composition.test.ts" line="59" assertions="5" />
      <testcase name="retains installed fields and resolves one frozen object" classname="runtime location composition" time="0.00454" file="test/runtime-location-composition.test.ts" line="77" assertions="6" />
      <testcase name="renders managed and host child environments from resolved locations" classname="runtime location composition" time="0.000363" file="test/runtime-location-composition.test.ts" line="119" assertions="12" />
      <testcase name="uses OpenWebUI v0.11.0 for managed deployments unless explicitly overridden" classname="runtime location composition" time="0.003516" file="test/runtime-location-composition.test.ts" line="151" assertions="2" />
      <testcase name="stages the managed neutral reader workspace before catalog requests" classname="runtime location composition" time="0.002177" file="test/runtime-location-composition.test.ts" line="170" assertions="3" />
      <testcase name="preserves literal dollars and spaces in systemd Environment values" classname="runtime location composition" time="0.000255" file="test/runtime-location-composition.test.ts" line="186" assertions="2" />
      <testcase name="retains the first numeric managed adapter ownership 4242:4343 on rerender" classname="runtime location composition" time="0.0031" file="test/runtime-location-composition.test.ts" line="209" assertions="1" />
      <testcase name="retains the first numeric managed adapter ownership 0:0 on rerender" classname="runtime location composition" time="0.002638" file="test/runtime-location-composition.test.ts" line="209" assertions="1" />
      <testcase name="rejects malformed prior ownership before replacing artifacts" classname="runtime location composition" time="0.000767" file="test/runtime-location-composition.test.ts" line="239" assertions="12" />
      <testcase name="rejects a managed Compose symlink before touching sibling artifacts" classname="runtime location composition" time="0.000692" file="test/runtime-location-composition.test.ts" line="262" assertions="4" />
      <testcase name="rejects a managed Compose FIFO before touching sibling artifacts" classname="runtime location composition" time="0.001653" file="test/runtime-location-composition.test.ts" line="262" assertions="5" />
      <testcase name="runCli rejects managed runtime overrides before deployment or artifact mutation" classname="runtime location composition" time="0.000743" file="test/runtime-location-composition.test.ts" line="290" assertions="5" />
    </testsuite>
  </testsuite>
  <testsuite name="test/metadata.test.ts" file="test/metadata.test.ts" tests="3" assertions="7" failures="0" skipped="0" time="0" hostname="snowyserver-n100">
    <testsuite name="metadata primitives" file="test/metadata.test.ts" line="4" tests="3" assertions="7" failures="0" skipped="0" time="0.002" hostname="snowyserver-n100">
      <testcase name="creates deterministic operation ids when a date is provided" classname="metadata primitives" time="0.002057" file="test/metadata.test.ts" line="5" assertions="2" />
      <testcase name="creates operation ids with random suffixes when date is omitted" classname="metadata primitives" time="0.000108" file="test/metadata.test.ts" line="12" assertions="3" />
      <testcase name="builds stable framed sha256 lineage hashes" classname="metadata primitives" time="0.000059" file="test/metadata.test.ts" line="21" assertions="2" />
    </testsuite>
  </testsuite>
  <testsuite name="test/gjc-routing-runner-sequential-gates.test.ts" file="test/gjc-routing-runner-sequential-gates.test.ts" tests="1" assertions="4" failures="0" skipped="0" time="0" hostname="snowyserver-n100">
    <testsuite name="createGjcRoutingLiveGatewayRunner sequential workflow gates" file="test/gjc-routing-runner-sequential-gates.test.ts" line="9" tests="1" assertions="4" failures="0" skipped="0" time="0.019" hostname="snowyserver-n100">
      <testcase name="resumes a persisted correlation and stores the next gate" classname="createGjcRoutingLiveGatewayRunner sequential workflow gates" time="0.019787" file="test/gjc-routing-runner-sequential-gates.test.ts" line="10" assertions="4" />
    </testsuite>
  </testsuite>
  <testsuite name="test/server-errors.test.ts" file="test/server-errors.test.ts" tests="8" assertions="26" failures="0" skipped="0" time="0" hostname="snowyserver-n100">
    <testsuite name="createAdapterRequestHandler chat completion errors" file="test/server-errors.test.ts" line="8" tests="8" assertions="26" failures="0" skipped="0" time="0.005" hostname="snowyserver-n100">
      <testcase name="maps model catalog lifecycle failures while preserving valid empty catalogs" classname="createAdapterRequestHandler chat completion errors" time="0.001756" file="test/server-errors.test.ts" line="9" assertions="4" />
      <testcase name="rejects provider authentication before model reader access" classname="createAdapterRequestHandler chat completion errors" time="0.000226" file="test/server-errors.test.ts" line="58" assertions="1" />
      <testcase name="returns OpenAI-style JSON error for malformed chat completion bodies" classname="createAdapterRequestHandler chat completion errors" time="0.000344" file="test/server-errors.test.ts" line="78" assertions="2" />
      <testcase name="returns OpenAI-style JSON error for valid JSON chat completion bodies missing messages" classname="createAdapterRequestHandler chat completion errors" time="0.00031" file="test/server-errors.test.ts" line="101" assertions="3" />
      <testcase name="returns OpenAI-style JSON errors when the live runner throws" classname="createAdapterRequestHandler chat completion errors" time="0.003867" file="test/server-errors.test.ts" line="129" assertions="3" />
      <testcase name="returns generic attachment errors without leaking upstream bodies or local paths" classname="createAdapterRequestHandler chat completion errors" time="0.00154" file="test/server-errors.test.ts" line="155" assertions="2" />
      <testcase name="rejects invalid chat completion message fields before invoking the runner" classname="createAdapterRequestHandler chat completion errors" time="0.000563" file="test/server-errors.test.ts" line="185" assertions="9" />
      <testcase name="rejects malformed foreign and background requests before resolving projects" classname="createAdapterRequestHandler chat completion errors" time="0.000934" file="test/server-errors.test.ts" line="222" assertions="2" />
    </testsuite>
  </testsuite>
  <testsuite name="test/openwebui-file-context-resolver.test.ts" file="test/openwebui-file-context-resolver.test.ts" tests="3" assertions="5" failures="0" skipped="0" time="0" hostname="snowyserver-n100">
    <testsuite name="createOpenWebUIFileContextResolver" file="test/openwebui-file-context-resolver.test.ts" line="11" tests="3" assertions="5" failures="0" skipped="0" time="0.005" hostname="snowyserver-n100">
      <testcase name="materializes original OpenWebUI bytes under the project cache and preserves text fallback" classname="createOpenWebUIFileContextResolver" time="0.005348" file="test/openwebui-file-context-resolver.test.ts" line="12" assertions="2" />
      <testcase name="preserves extracted text fallback without a local path when original bytes are missing" classname="createOpenWebUIFileContextResolver" time="0.00028" file="test/openwebui-file-context-resolver.test.ts" line="41" assertions="1" />
      <testcase name="rejects materialization when the attachment cache resolves outside the project" classname="createOpenWebUIFileContextResolver" time="0.000784" file="test/openwebui-file-context-resolver.test.ts" line="65" assertions="2" />
    </testsuite>
  </testsuite>
  <testsuite name="test/cli-auth-start.test.ts" file="test/cli-auth-start.test.ts" tests="2" assertions="11" failures="0" skipped="0" time="0" hostname="snowyserver-n100">
    <testsuite name="adapter CLI auth and start" file="test/cli-auth-start.test.ts" line="14" tests="2" assertions="11" failures="0" skipped="0" time="1.468" hostname="snowyserver-n100">
      <testcase name="rejects OpenAI-compatible requests when the adapter API token is not configured" classname="adapter CLI auth and start" time="0.013022" file="test/cli-auth-start.test.ts" line="22" assertions="2" />
      <testcase name="serves configured models from bun run start" classname="adapter CLI auth and start" time="1.455653" file="test/cli-auth-start.test.ts" line="46" assertions="9" />
    </testsuite>
  </testsuite>
  <testsuite name="test/gjc-idle-session-reaper.test.ts" file="test/gjc-idle-session-reaper.test.ts" tests="46" assertions="104" failures="0" skipped="0" time="0.027" hostname="snowyserver-n100">
    <testsuite name="GJC idle session reaper" file="test/gjc-idle-session-reaper.test.ts" line="211" tests="44" assertions="98" failures="0" skipped="0" time="0.386" hostname="snowyserver-n100">
      <testcase name="partitions same-chat lifecycle state by principal and closes only each scoped mapping" classname="GJC idle session reaper" time="0.019227" file="test/gjc-idle-session-reaper.test.ts" line="212" assertions="3" />
      <testcase name="uses the ten-minute default and does not close before the threshold" classname="GJC idle session reaper" time="0.013402" file="test/gjc-idle-session-reaper.test.ts" line="299" assertions="2" />
      <testcase name="schedules a retained owned mapping with an empty journal conservatively" classname="GJC idle session reaper" time="0.007449" file="test/gjc-idle-session-reaper.test.ts" line="310" assertions="1" />
      <testcase name="skips a retained mapping with an unresolved manual close and no baseline operation" classname="GJC idle session reaper" time="0.007685" file="test/gjc-idle-session-reaper.test.ts" line="334" assertions="1" />
      <testcase name="rejects an explicit close without a principal owner" classname="GJC idle session reaper" time="0.000951" file="test/gjc-idle-session-reaper.test.ts" line="361" assertions="2" />
      <testcase name="does not reap an unowned persisted mapping" classname="GJC idle session reaper" time="0.005468" file="test/gjc-idle-session-reaper.test.ts" line="372" assertions="1" />
      <testcase name="an active turn prevents an idle close race" classname="GJC idle session reaper" time="0.019747" file="test/gjc-idle-session-reaper.test.ts" line="394" assertions="2" />
      <testcase name="serializes a same-user idle close behind a turn in another chat" classname="GJC idle session reaper" time="0.060996" file="test/gjc-idle-session-reaper.test.ts" line="414" assertions="2" />
      <testcase name="an explicit close shares the chat gate with a normal turn" classname="GJC idle session reaper" time="0.013834" file="test/gjc-idle-session-reaper.test.ts" line="508" assertions="2" />
      <testcase name="does not close while a persisted session operation is pending" classname="GJC idle session reaper" time="0.000522" file="test/gjc-idle-session-reaper.test.ts" line="530" assertions="2" />
      <testcase name="does not report a closed session while later work is pending" classname="GJC idle session reaper" time="0.007686" file="test/gjc-idle-session-reaper.test.ts" line="542" assertions="3" />
      <testcase name="does not acknowledge endpoint-only mappings as idle-closed" classname="GJC idle session reaper" time="0.006053" file="test/gjc-idle-session-reaper.test.ts" line="559" assertions="3" />
      <testcase name="same-process explicit close reuses a successful idle close" classname="GJC idle session reaper" time="0.007838" file="test/gjc-idle-session-reaper.test.ts" line="586" assertions="3" />
      <testcase name="does not let a prior close suppress idle cleanup for a new mapping generation" classname="GJC idle session reaper" time="0.011552" file="test/gjc-idle-session-reaper.test.ts" line="600" assertions="2" />
      <testcase name="explicit close regenerates a repeated ingress after control activity" classname="GJC idle session reaper" time="0.008775" file="test/gjc-idle-session-reaper.test.ts" line="621" assertions="4" />
      <testcase name="allocates distinct rearmed close ingress IDs across same-millisecond activity cycles" classname="GJC idle session reaper" time="0.006289" file="test/gjc-idle-session-reaper.test.ts" line="646" assertions="3" />
      <testcase name="recognizes a legacy completed close bound to the current mapping generation" classname="GJC idle session reaper" time="0.008189" file="test/gjc-idle-session-reaper.test.ts" line="675" assertions="1" />
      <testcase name="uses timestamps before journal order for a delayed legacy close after a newer turn" classname="GJC idle session reaper" time="0.005843" file="test/gjc-idle-session-reaper.test.ts" line="695" assertions="1" />
      <testcase name="does not reuse a legacy close after the mapping generation advances" classname="GJC idle session reaper" time="0.007759" file="test/gjc-idle-session-reaper.test.ts" line="717" assertions="1" />
      <testcase name="retries a non-closed idle close with a new deterministic authority ingress" classname="GJC idle session reaper" time="0.011582" file="test/gjc-idle-session-reaper.test.ts" line="738" assertions="3" />
      <testcase name="retries an uncertain idle close without rewriting the prior authority operation" classname="GJC idle session reaper" time="0.013582" file="test/gjc-idle-session-reaper.test.ts" line="759" assertions="2" />
      <testcase name="rearms idle cleanup after a control completes on a closed generation" classname="GJC idle session reaper" time="0.013796" file="test/gjc-idle-session-reaper.test.ts" line="780" assertions="3" />
      <testcase name="rearms idle cleanup after a failed cold-resume attempt" classname="GJC idle session reaper" time="0.013679" file="test/gjc-idle-session-reaper.test.ts" line="800" assertions="3" />
      <testcase name="recognizes an explicit completed close after reaper restart" classname="GJC idle session reaper" time="0.005688" file="test/gjc-idle-session-reaper.test.ts" line="826" assertions="2" />
      <testcase name="does not reap a retained mapping after a manual uncertain close across restart" classname="GJC idle session reaper" time="0.008525" file="test/gjc-idle-session-reaper.test.ts" line="850" assertions="1" />
      <testcase name="matches a persisted production close result for the retained mapping generation" classname="GJC idle session reaper" time="0.006511" file="test/gjc-idle-session-reaper.test.ts" line="888" assertions="6" />
      <testcase name="restart activity uses a newer uncertain journal operation for the current mapping generation" classname="GJC idle session reaper" time="0.013548" file="test/gjc-idle-session-reaper.test.ts" line="932" assertions="2" />
      <testcase name="rearms a retained close when later uncertain activity shares its timestamp" classname="GJC idle session reaper" time="0.005949" file="test/gjc-idle-session-reaper.test.ts" line="959" assertions="1" />
      <testcase name="restart pending journal activity remains a no-close guard" classname="GJC idle session reaper" time="0.008011" file="test/gjc-idle-session-reaper.test.ts" line="984" assertions="1" />
      <testcase name="stop rejects new runs and external closes" classname="GJC idle session reaper" time="0.000465" file="test/gjc-idle-session-reaper.test.ts" line="1009" assertions="2" />
      <testcase name="stop prevents queued work from invoking the base runner or closer" classname="GJC idle session reaper" time="0.018551" file="test/gjc-idle-session-reaper.test.ts" line="1021" assertions="4" />
      <testcase name="stop waits for an active streamed run to finish before stopping the base runner" classname="GJC idle session reaper" time="0.008627" file="test/gjc-idle-session-reaper.test.ts" line="1056" assertions="2" />
      <testcase name="stop abandons an unconsumed finite stream before stopping the base runner" classname="GJC idle session reaper" time="0.000921" file="test/gjc-idle-session-reaper.test.ts" line="1084" assertions="2" />
      <testcase name="stop waits for an active external close before stopping the base runner" classname="GJC idle session reaper" time="0.010899" file="test/gjc-idle-session-reaper.test.ts" line="1112" assertions="3" />
      <testcase name="stop waits for an in-flight idle close before stopping the base runner" classname="GJC idle session reaper" time="0.013105" file="test/gjc-idle-session-reaper.test.ts" line="1138" assertions="3" />
      <testcase name="retains the mapping after close so the next turn can resume it" classname="GJC idle session reaper" time="0.007975" file="test/gjc-idle-session-reaper.test.ts" line="1162" assertions="4" />
      <testcase name="stop clears its timer and delegates to the base runner" classname="GJC idle session reaper" time="0.000644" file="test/gjc-idle-session-reaper.test.ts" line="1177" assertions="3" />
      <testcase name="shares the pending shutdown with concurrent stop callers" classname="GJC idle session reaper" time="0.005613" file="test/gjc-idle-session-reaper.test.ts" line="1202" assertions="2" />
      <testcase name="holds the chat gate while a canceled stream drains its underlying source" classname="GJC idle session reaper" time="0.014363" file="test/gjc-idle-session-reaper.test.ts" line="1224" assertions="2" />
      <testcase name="starts source abandonment and stream draining together" classname="GJC idle session reaper" time="0.000921" file="test/gjc-idle-session-reaper.test.ts" line="1281" assertions="1" />
      <testcase name="wraps primitive string chunk iterables" classname="GJC idle session reaper" time="0.000458" file="test/gjc-idle-session-reaper.test.ts" line="1334" assertions="1" />
      <testcase name="wraps callable async chunk iterables" classname="GJC idle session reaper" time="0.000617" file="test/gjc-idle-session-reaper.test.ts" line="1347" assertions="1" />
      <testcase name="releases the chat gate when a handed-off stream is never read" classname="GJC idle session reaper" time="0.005956" file="test/gjc-idle-session-reaper.test.ts" line="1365" assertions="3" />
      <testcase name="releases the gate when a stream iterator cannot be created" classname="GJC idle session reaper" time="0.003656" file="test/gjc-idle-session-reaper.test.ts" line="1415" assertions="2" />
    </testsuite>
    <testcase name="a linked-project projection failure does not stop the constructed reaper" classname="" time="0.016672" file="test/gjc-idle-session-reaper.test.ts" line="1433" assertions="3" />
    <testcase name="a linked-project projection failure does not stop the base routing runner" classname="" time="0.011737" file="test/gjc-idle-session-reaper.test.ts" line="1482" assertions="3" />
  </testsuite>
  <testsuite name="test/openwebui-client-projection-write.test.ts" file="test/openwebui-client-projection-write.test.ts" tests="6" assertions="12" failures="0" skipped="0" time="0" hostname="snowyserver-n100">
    <testsuite name="OpenWebUIHttpClient projection writes" file="test/openwebui-client-projection-write.test.ts" line="7" tests="6" assertions="12" failures="0" skipped="0" time="0.027" hostname="snowyserver-n100">
      <testcase name="upserts projection records and posts message events over authenticated HTTP" classname="OpenWebUIHttpClient projection writes" time="0.008555" file="test/openwebui-client-projection-write.test.ts" line="8" assertions="1" />
      <testcase name="requires a non-empty immutable normal principal user ID" classname="OpenWebUIHttpClient projection writes" time="0.003304" file="test/openwebui-client-projection-write.test.ts" line="126" assertions="3" />
      <testcase name="rejects a mismatched owner/chat proof before any message event network write" classname="OpenWebUIHttpClient projection writes" time="0.006375" file="test/openwebui-client-projection-write.test.ts" line="139" assertions="3" />
      <testcase name="rejects an absent owner/chat proof before any message content network write" classname="OpenWebUIHttpClient projection writes" time="0.003624" file="test/openwebui-client-projection-write.test.ts" line="171" assertions="2" />
      <testcase name="uses a successful owner/chat proof before posting a principal message event" classname="OpenWebUIHttpClient projection writes" time="0.003358" file="test/openwebui-client-projection-write.test.ts" line="192" assertions="1" />
      <testcase name="rejects foreign file metadata before fetching or materializing file bytes" classname="OpenWebUIHttpClient projection writes" time="0.004657" file="test/openwebui-client-projection-write.test.ts" line="225" assertions="2" />
    </testsuite>
  </testsuite>
  <testsuite name="test/live-models.test.ts" file="test/live-models.test.ts" tests="22" assertions="56" failures="0" skipped="0" time="0" hostname="snowyserver-n100">
    <testsuite name="canonical GJC model codec" file="test/live-models.test.ts" line="13" tests="4" assertions="17" failures="0" skipped="0" time="0" hostname="snowyserver-n100">
      <testcase name="classifies alias canonical malformed and foreign ids" classname="canonical GJC model codec" time="0.000306" file="test/live-models.test.ts" line="14" assertions="5" />
      <testcase name="round-trips strict RFC3986 bytes when a model id contains delimiters and Unicode" classname="canonical GJC model codec" time="0.00018" file="test/live-models.test.ts" line="22" assertions="4" />
      <testcase name="rejects a provider containing slash at normalized and canonical codec admission" classname="canonical GJC model codec" time="0.000313" file="test/live-models.test.ts" line="37" assertions="6" />
      <testcase name="rejects non-canonical and unsafe spellings when parsing" classname="canonical GJC model codec" time="0.000206" file="test/live-models.test.ts" line="50" assertions="2" />
    </testsuite>
    <testsuite name="atomic GJC catalog decoder" file="test/live-models.test.ts" line="77" tests="18" assertions="39" failures="0" skipped="0" time="0" hostname="snowyserver-n100">
      <testcase name="strict decoding distinguishes a valid empty catalog from malformed descriptors" classname="atomic GJC catalog decoder" time="0.000071" file="test/live-models.test.ts" line="78" assertions="3" />
      <testcase name="uses Q10 thinking.validLevels as the authoritative settable menu for every row" classname="atomic GJC catalog decoder" time="0.000299" file="test/live-models.test.ts" line="84" assertions="2" />
      <testcase name="rejects missing thinking atomically after a valid Q10 row" classname="atomic GJC catalog decoder" time="0.000097" file="test/live-models.test.ts" line="160" assertions="2" />
      <testcase name="rejects missing validLevels atomically after a valid Q10 row" classname="atomic GJC catalog decoder" time="0.000028" file="test/live-models.test.ts" line="160" assertions="2" />
      <testcase name="rejects empty validLevels atomically after a valid Q10 row" classname="atomic GJC catalog decoder" time="0.000033" file="test/live-models.test.ts" line="160" assertions="2" />
      <testcase name="rejects inherit readback atomically after a valid Q10 row" classname="atomic GJC catalog decoder" time="0.00002" file="test/live-models.test.ts" line="160" assertions="2" />
      <testcase name="rejects unknown level atomically after a valid Q10 row" classname="atomic GJC catalog decoder" time="0.000051" file="test/live-models.test.ts" line="160" assertions="2" />
      <testcase name="rejects duplicate level atomically after a valid Q10 row" classname="atomic GJC catalog decoder" time="0.000023" file="test/live-models.test.ts" line="160" assertions="2" />
      <testcase name="rejects noncanonical order atomically after a valid Q10 row" classname="atomic GJC catalog decoder" time="0.000019" file="test/live-models.test.ts" line="160" assertions="2" />
      <testcase name="rejects nonreasoning level atomically after a valid Q10 row" classname="atomic GJC catalog decoder" time="0.000014" file="test/live-models.test.ts" line="160" assertions="2" />
      <testcase name="rejects provider slash atomically after a valid Q10 row" classname="atomic GJC catalog decoder" time="0.000023" file="test/live-models.test.ts" line="160" assertions="2" />
      <testcase name="rejects format-control provider atomically after a valid Q10 row" classname="atomic GJC catalog decoder" time="0.000023" file="test/live-models.test.ts" line="160" assertions="2" />
      <testcase name="rejects lone-surrogate model atomically after a valid Q10 row" classname="atomic GJC catalog decoder" time="0.000015" file="test/live-models.test.ts" line="160" assertions="2" />
      <testcase name="deduplicates tuples and sorts provider/model UTF-8 bytes before thinking rank" classname="atomic GJC catalog decoder" time="0.000221" file="test/live-models.test.ts" line="172" assertions="2" />
      <testcase name="never emits the input-only gjc alias when model list entries are built" classname="atomic GJC catalog decoder" time="0.000326" file="test/live-models.test.ts" line="204" assertions="2" />
      <testcase name="hides OpenAI Codex auto-review entries from the picker" classname="atomic GJC catalog decoder" time="0.000107" file="test/live-models.test.ts" line="218" assertions="2" />
      <testcase name="uses distinct display labels for OpenAI Codex and a literal Codex provider" classname="atomic GJC catalog decoder" time="0.000156" file="test/live-models.test.ts" line="231" assertions="2" />
      <testcase name="only aliases the exact OpenAI Codex provider" classname="atomic GJC catalog decoder" time="0.000065" file="test/live-models.test.ts" line="283" assertions="4" />
    </testsuite>
  </testsuite>
  <testsuite name="test/configure-recovery-linkage.test.ts" file="test/configure-recovery-linkage.test.ts" tests="6" assertions="10" failures="0" skipped="0" time="0" hostname="snowyserver-n100">
    <testsuite name="pending recovery runtime-location linkage" file="test/configure-recovery-linkage.test.ts" line="33" tests="6" assertions="10" failures="0" skipped="0" time="0" hostname="snowyserver-n100">
      <testcase name="keeps legacy bytes when both direct fields are absent" classname="pending recovery runtime-location linkage" time="0.000105" file="test/configure-recovery-linkage.test.ts" line="34" assertions="1" />
      <testcase name="encodes the exact config directory only vector" classname="pending recovery runtime-location linkage" time="0.000072" file="test/configure-recovery-linkage.test.ts" line="55" assertions="1" />
      <testcase name="encodes the exact coding-agent directory only vector" classname="pending recovery runtime-location linkage" time="0.000027" file="test/configure-recovery-linkage.test.ts" line="55" assertions="1" />
      <testcase name="encodes the exact both direct fields vector" classname="pending recovery runtime-location linkage" time="0.000013" file="test/configure-recovery-linkage.test.ts" line="55" assertions="1" />
      <testcase name="round-trips target runtime-location identity through the strict parser" classname="pending recovery runtime-location linkage" time="0.000254" file="test/configure-recovery-linkage.test.ts" line="62" assertions="2" />
      <testcase name="validates direct fields before encoding or accepting a record" classname="pending recovery runtime-location linkage" time="0.000396" file="test/configure-recovery-linkage.test.ts" line="73" assertions="4" />
    </testsuite>
  </testsuite>
  <testsuite name="test/server-workspace-cleanup.test.ts" file="test/server-workspace-cleanup.test.ts" tests="1" assertions="6" failures="0" skipped="0" time="0" hostname="snowyserver-n100">
    <testsuite name="workspace cleanup admin API" file="test/server-workspace-cleanup.test.ts" line="51" tests="1" assertions="6" failures="0" skipped="0" time="0.001" hostname="snowyserver-n100">
      <testcase name="requires the exact configured administrator and consumes a confirmation token" classname="workspace cleanup admin API" time="0.001258" file="test/server-workspace-cleanup.test.ts" line="52" assertions="6" />
    </testsuite>
  </testsuite>
  <testsuite name="test/gjc-routing-runner-session-events.test.ts" file="test/gjc-routing-runner-session-events.test.ts" tests="6" assertions="40" failures="0" skipped="0" time="0" hostname="snowyserver-n100">
    <testsuite name="createGjcRoutingLiveGatewayRunner session event projection" file="test/gjc-routing-runner-session-events.test.ts" line="7" tests="6" assertions="40" failures="0" skipped="0" time="0.011" hostname="snowyserver-n100">
      <testcase name="projects session events through closed status families without serializing raw payloads" classname="createGjcRoutingLiveGatewayRunner session event projection" time="0.00778" file="test/gjc-routing-runner-session-events.test.ts" line="8" assertions="28" />
      <testcase name="rejects before opening a stream when the first observed frame is agent_failed" classname="createGjcRoutingLiveGatewayRunner session event projection" time="0.001127" file="test/gjc-routing-runner-session-events.test.ts" line="159" assertions="2" />
      <testcase name="preserves artifact fallback events after observing a terminal frame" classname="createGjcRoutingLiveGatewayRunner session event projection" time="0.001755" file="test/gjc-routing-runner-session-events.test.ts" line="187" assertions="1" />
      <testcase name="streams native text deltas from delta before terminal persistence completes" classname="createGjcRoutingLiveGatewayRunner session event projection" time="0.001445" file="test/gjc-routing-runner-session-events.test.ts" line="232" assertions="4" />
      <testcase name="streams native text deltas from text before terminal persistence completes" classname="createGjcRoutingLiveGatewayRunner session event projection" time="0.000811" file="test/gjc-routing-runner-session-events.test.ts" line="232" assertions="4" />
      <testcase name="fails a streaming reassignment when rollback persistence fails" classname="createGjcRoutingLiveGatewayRunner session event projection" time="0.001126" file="test/gjc-routing-runner-session-events.test.ts" line="280" assertions="1" />
    </testsuite>
  </testsuite>
  <testsuite name="test/ci-bun-untrusted-policy.test.ts" file="test/ci-bun-untrusted-policy.test.ts" tests="3" assertions="8" failures="0" skipped="0" time="0" hostname="snowyserver-n100">
    <testsuite name="evaluateBunUntrustedPolicy" file="test/ci-bun-untrusted-policy.test.ts" line="9" tests="3" assertions="8" failures="0" skipped="0" time="0.001" hostname="snowyserver-n100">
      <testcase name="accepts only Bun 1.3.14 clean output" classname="evaluateBunUntrustedPolicy" time="0.00199" file="test/ci-bun-untrusted-policy.test.ts" line="10" assertions="2" />
      <testcase name="rejects blocked lifecycle scripts" classname="evaluateBunUntrustedPolicy" time="0.000081" file="test/ci-bun-untrusted-policy.test.ts" line="15" assertions="1" />
      <testcase name="fails closed for unexpected output or command failures" classname="evaluateBunUntrustedPolicy" time="0.000088" file="test/ci-bun-untrusted-policy.test.ts" line="20" assertions="5" />
    </testsuite>
  </testsuite>
  <testsuite name="test/openwebui-events.test.ts" file="test/openwebui-events.test.ts" tests="4" assertions="7" failures="0" skipped="0" time="0" hostname="snowyserver-n100">
    <testsuite name="OpenWebUI event builders" file="test/openwebui-events.test.ts" line="10" tests="4" assertions="7" failures="0" skipped="0" time="0" hostname="snowyserver-n100">
      <testcase name="builds documented status body with done nested under data" classname="OpenWebUI event builders" time="0.000053" file="test/openwebui-events.test.ts" line="11" assertions="1" />
      <testcase name="builds files body without path ids outside data" classname="OpenWebUI event builders" time="0.000065" file="test/openwebui-events.test.ts" line="21" assertions="1" />
      <testcase name="builds source and citation bodies with one object payload, not wrapper arrays" classname="OpenWebUI event builders" time="0.000139" file="test/openwebui-events.test.ts" line="28" assertions="4" />
      <testcase name="rejects unsupported message event types" classname="OpenWebUI event builders" time="0.000096" file="test/openwebui-events.test.ts" line="38" assertions="1" />
    </testsuite>
  </testsuite>
  <testsuite name="test/golden-fixture.test.ts" file="test/golden-fixture.test.ts" tests="1" assertions="32" failures="0" skipped="0" time="0" hostname="snowyserver-n100">
    <testsuite name="GJC-primary OpenWebUI golden MVP fixture" file="test/golden-fixture.test.ts" line="44" tests="1" assertions="32" failures="0" skipped="0" time="0.044" hostname="snowyserver-n100">
      <testcase name="projects historical sessions, live events, gates, artifacts, routing, crash repair, and safe lineage" classname="GJC-primary OpenWebUI golden MVP fixture" time="0.044976" file="test/golden-fixture.test.ts" line="45" assertions="32" />
    </testsuite>
  </testsuite>
  <testsuite name="test/gjc-runtime-provenance.test.ts" file="test/gjc-runtime-provenance.test.ts" tests="8" assertions="147" failures="0" skipped="0" time="0" hostname="snowyserver-n100">
    <testsuite name="GJC SDK runtime provenance" file="test/gjc-runtime-provenance.test.ts" line="25" tests="8" assertions="147" failures="0" skipped="0" time="0.001" hostname="snowyserver-n100">
      <testcase name="pins all published GJC runtime packages to the current exact release" classname="GJC SDK runtime provenance" time="0.000353" file="test/gjc-runtime-provenance.test.ts" line="26" assertions="6" />
      <testcase name="installs and invokes the released CLI from the production dependency tree" classname="GJC SDK runtime provenance" time="0.000393" file="test/gjc-runtime-provenance.test.ts" line="41" assertions="13" />
      <testcase name="keeps pinned base images and runs as a non-root adapter user" classname="GJC SDK runtime provenance" time="0.000852" file="test/gjc-runtime-provenance.test.ts" line="63" assertions="7" />
      <testcase name="normalizes manual versions and structurally routes release lanes" classname="GJC SDK runtime provenance" time="0.000904" file="test/gjc-runtime-provenance.test.ts" line="75" assertions="45" />
      <testcase name="records actual SDK responses through split SDK, runtime, and lifecycle harnesses" classname="GJC SDK runtime provenance" time="0.000718" file="test/gjc-runtime-provenance.test.ts" line="148" assertions="47" />
      <testcase name="allows broad tmux cleanup only before public close invocation" classname="GJC SDK runtime provenance" time="0.001246" file="test/gjc-runtime-provenance.test.ts" line="207" assertions="11" />
      <testcase name="parses released /session surfaces and strict released CLI version output, then conditions startup flags by probed version" classname="GJC SDK runtime provenance" time="0.000936" file="test/gjc-runtime-provenance.test.ts" line="244" assertions="15" />
      <testcase name="cites the structural scanner as a separate artifact without fabricating runtime observation" classname="GJC SDK runtime provenance" time="0.000184" file="test/gjc-runtime-provenance.test.ts" line="288" assertions="3" />
    </testsuite>
  </testsuite>
  <testsuite name="test/server-attachments.test.ts" file="test/server-attachments.test.ts" tests="3" assertions="15" failures="0" skipped="0" time="0" hostname="snowyserver-n100">
    <testsuite name="createAdapterRequestHandler attachments" file="test/server-attachments.test.ts" line="6" tests="3" assertions="15" failures="0" skipped="0" time="0" hostname="snowyserver-n100">
      <testcase name="rejects malformed attachment fields before invoking the runner" classname="createAdapterRequestHandler attachments" time="0.000771" file="test/server-attachments.test.ts" line="7" assertions="5" />
      <testcase name="accepts OpenWebUI file and image attachments and forwards them to the runner prompt" classname="createAdapterRequestHandler attachments" time="0.000881" file="test/server-attachments.test.ts" line="46" assertions="8" />
      <testcase name="accepts image-only user messages" classname="createAdapterRequestHandler attachments" time="0.000642" file="test/server-attachments.test.ts" line="93" assertions="2" />
    </testsuite>
  </testsuite>
  <testsuite name="test/real-selection-surface-scenarios.test.ts" file="test/real-selection-surface-scenarios.test.ts" tests="4" assertions="34" failures="0" skipped="0" time="0" hostname="snowyserver-n100">
    <testsuite name="real canonical model selection surfaces" file="test/real-selection-surface-scenarios.test.ts" line="8" tests="4" assertions="34" failures="0" skipped="0" time="8.551" hostname="snowyserver-n100">
      <testcase name="fails invalid shipped runner results before JSON SSE or persistence success" classname="real canonical model selection surfaces" time="1.400115" file="test/real-selection-surface-scenarios.test.ts" line="9" assertions="7" />
      <testcase name="reaps an induced startup failure before root cleanup and port reuse" classname="real canonical model selection surfaces" time="1.29017" file="test/real-selection-surface-scenarios.test.ts" line="31" assertions="3" />
      <testcase name="exposes Q10 capabilities without advertising current inherit readback" classname="real canonical model selection surfaces" time="1.983719" file="test/real-selection-surface-scenarios.test.ts" line="43" assertions="4" />
      <testcase name="drives catalog JSON SSE background normalization admin and setter failure without durable projection rows" classname="real canonical model selection surfaces" time="3.878839" file="test/real-selection-surface-scenarios.test.ts" line="59" assertions="20" />
    </testsuite>
  </testsuite>
  <testsuite name="test/project-link-service-failures.test.ts" file="test/project-link-service-failures.test.ts" tests="8" assertions="20" failures="0" skipped="0" time="0" hostname="snowyserver-n100">
    <testsuite name="project link registration failure handling" file="test/project-link-service-failures.test.ts" line="27" tests="8" assertions="20" failures="0" skipped="0" time="0.024" hostname="snowyserver-n100">
      <testcase name="admits prospective projects only through the shared protected-path guard" classname="project link registration failure handling" time="0.00194" file="test/project-link-service-failures.test.ts" line="28" assertions="3" />
      <testcase name="classifies project access failures as invalid link input" classname="project link registration failure handling" time="0.000184" file="test/project-link-service-failures.test.ts" line="46" assertions="2" />
      <testcase name="detects overlap symmetrically while allowing a sibling" classname="project link registration failure handling" time="0.000244" file="test/project-link-service-failures.test.ts" line="51" assertions="2" />
      <testcase name="resolves an existing symlink and a prospective descendant through its real parent" classname="project link registration failure handling" time="0.001547" file="test/project-link-service-failures.test.ts" line="72" assertions="3" />
      <testcase name="preserves linked state when projection deletion fails" classname="project link registration failure handling" time="0.008294" file="test/project-link-service-failures.test.ts" line="93" assertions="2" />
      <testcase name="rolls back visible registration when projection sync fails during link" classname="project link registration failure handling" time="0.004378" file="test/project-link-service-failures.test.ts" line="105" assertions="3" />
      <testcase name="rolls back visible registration when session projection write fails" classname="project link registration failure handling" time="0.004287" file="test/project-link-service-failures.test.ts" line="114" assertions="3" />
      <testcase name="keeps an existing linked project visible when equivalent-path relink sync fails" classname="project link registration failure handling" time="0.006297" file="test/project-link-service-failures.test.ts" line="129" assertions="2" />
    </testsuite>
  </testsuite>
  <testsuite name="test/openwebui-client.test.ts" file="test/openwebui-client.test.ts" tests="4" assertions="6" failures="0" skipped="0" time="0" hostname="snowyserver-n100">
    <testsuite name="OpenWebUIHttpClient" file="test/openwebui-client.test.ts" line="6" tests="4" assertions="6" failures="0" skipped="0" time="0.017" hostname="snowyserver-n100">
      <testcase name="parses real OpenWebUI chat responses that wrap history under chat and meta under meta" classname="OpenWebUIHttpClient" time="0.004026" file="test/openwebui-client.test.ts" line="7" assertions="1" />
      <testcase name="moves existing OpenWebUI chats into the projected folder when updating imports" classname="OpenWebUIHttpClient" time="0.003764" file="test/openwebui-client.test.ts" line="53" assertions="1" />
      <testcase name="stores adapter metadata inside the OpenWebUI chat body for update routes" classname="OpenWebUIHttpClient" time="0.006344" file="test/openwebui-client.test.ts" line="106" assertions="2" />
      <testcase name="reads processed OpenWebUI file text for adapter prompt context" classname="OpenWebUIHttpClient" time="0.004511" file="test/openwebui-client.test.ts" line="141" assertions="2" />
    </testsuite>
  </testsuite>
  <testsuite name="test/gjc-sdk-v3-cli.test.ts" file="test/gjc-sdk-v3-cli.test.ts" tests="24" assertions="66" failures="0" skipped="0" time="0" hostname="snowyserver-n100">
    <testsuite name="endpoint-less CLI lifecycle boundary" file="test/gjc-sdk-v3-cli.test.ts" line="8" tests="23" assertions="63" failures="0" skipped="0" time="0.488" hostname="snowyserver-n100">
      <testcase name="creates a tagged CLI session from the startup /session built-in and discovers its authoritative id" classname="endpoint-less CLI lifecycle boundary" time="0.007965" file="test/gjc-sdk-v3-cli.test.ts" line="9" assertions="3" />
      <testcase name="creates an endpoint-backed ephemeral session when GJC has not yet persisted a JSONL transcript" classname="endpoint-less CLI lifecycle boundary" time="0.001177" file="test/gjc-sdk-v3-cli.test.ts" line="45" assertions="1" />
      <testcase name="accepts a session id wrapped by the tmux pane width" classname="endpoint-less CLI lifecycle boundary" time="0.001268" file="test/gjc-sdk-v3-cli.test.ts" line="58" assertions="1" />
      <testcase name="waits for a model-catalog endpoint published after the ordinary timeout without killing its pane" classname="endpoint-less CLI lifecycle boundary" time="0.00998" file="test/gjc-sdk-v3-cli.test.ts" line="71" assertions="3" />
      <testcase name="cleans up its owned pane when the endpoint is missing at its bounded publication deadline" classname="endpoint-less CLI lifecycle boundary" time="0.004901" file="test/gjc-sdk-v3-cli.test.ts" line="92" assertions="2" />
      <testcase name="rejects invalid endpoint publication timeouts" classname="endpoint-less CLI lifecycle boundary" time="0.000303" file="test/gjc-sdk-v3-cli.test.ts" line="110" assertions="2" />
[...]
      <testcase name="preserves a valid runtime destination when its recovery source is invalid" classname="session authority pre-store migration" time="0.012854" file="test/session-authority-migration.test.ts" line="726" assertions="3" />
      <testcase name="rebuilds mixed-v2 output when the destination is missing" classname="session authority pre-store migration" time="0.016248" file="test/session-authority-migration.test.ts" line="796" assertions="3" />
      <testcase name="restores a committed destination despite a malformed audit manifest" classname="session authority pre-store migration" time="0.014391" file="test/session-authority-migration.test.ts" line="819" assertions="3" />
      <testcase name="rejects a valid-shaped foreign manifest before missing-destination recovery" classname="session authority pre-store migration" time="0.015204" file="test/session-authority-migration.test.ts" line="843" assertions="3" />
      <testcase name="prefers a newer committed checkpoint over a stale checkpointed manifest" classname="session authority pre-store migration" time="0.023773" file="test/session-authority-migration.test.ts" line="869" assertions="3" />
      <testcase name="rebuilds a mixed-v2 checkpoint after destination replacement" classname="session authority pre-store migration" time="0.013976" file="test/session-authority-migration.test.ts" line="905" assertions="3" />
      <testcase name="rebuilds an older committed checkpoint from an in-flight destination manifest" classname="session authority pre-store migration" time="0.030673" file="test/session-authority-migration.test.ts" line="928" assertions="3" />
      <testcase name="restores a newer destination-written manifest before an older committed checkpoint" classname="session authority pre-store migration" time="0.02624" file="test/session-authority-migration.test.ts" line="975" assertions="3" />
      <testcase name="rebuilds a missing destination and checkpoint from a destination-written manifest" classname="session authority pre-store migration" time="0.016628" file="test/session-authority-migration.test.ts" line="1018" assertions="3" />
      <testcase name="refuses to restore an invalid scoped authority from manifest recovery bytes" classname="session authority pre-store migration" time="0.002589" file="test/session-authority-migration.test.ts" line="1054" assertions="3" />
      <testcase name="does not restore a stale manifest after a newer scoped source is degraded" classname="session authority pre-store migration" time="0.020104" file="test/session-authority-migration.test.ts" line="1114" assertions="4" />
      <testcase name="refreshes a valid scoped destination checkpoint after runtime mutation" classname="session authority pre-store migration" time="0.020951" file="test/session-authority-migration.test.ts" line="1169" assertions="2" />
      <testcase name="preserves principal-scoped normal-user mappings after admin legacy migration" classname="session authority pre-store migration" time="0.023258" file="test/session-authority-migration.test.ts" line="1194" assertions="3" />
      <testcase name="restores exact scoped runtime bytes and unresolved provisional evidence" classname="session authority pre-store migration" time="0.032389" file="test/session-authority-migration.test.ts" line="1233" assertions="4" />
      <testcase name="restores exact mixed-principal scoped runtime bytes" classname="session authority pre-store migration" time="0.027531" file="test/session-authority-migration.test.ts" line="1267" assertions="3" />
      <testcase name="rejects a malformed fully scoped destination instead of normalizing it" classname="session authority pre-store migration" time="0.018394" file="test/session-authority-migration.test.ts" line="1313" assertions="2" />
      <testcase name="quarantines malformed mixed-v2 provisional input without stranding valid mappings" classname="session authority pre-store migration" time="0.010842" file="test/session-authority-migration.test.ts" line="1337" assertions="4" />
      <testcase name="quarantines a non-array mixed-v2 provisional collection without stranding valid mappings" classname="session authority pre-store migration" time="0.011117" file="test/session-authority-migration.test.ts" line="1357" assertions="4" />
      <testcase name="quarantines malformed v2 mappings without re-entering legacy canonicalization" classname="session authority pre-store migration" time="0.011235" file="test/session-authority-migration.test.ts" line="1379" assertions="3" />
      <testcase name="rejects an otherwise scoped record carrying a foreign principal identity" classname="session authority pre-store migration" time="0.006708" file="test/session-authority-migration.test.ts" line="1404" assertions="2" />
      <testcase name="renormalizes an evolved unscoped v2 authority document after a committed checkpoint" classname="session authority pre-store migration" time="0.020432" file="test/session-authority-migration.test.ts" line="1421" assertions="2" />
      <testcase name="retries a retained degraded mixed v2 authority checkpoint" classname="session authority pre-store migration" time="0.010355" file="test/session-authority-migration.test.ts" line="1449" assertions="3" />
      <testcase name="retains exact source bytes and source digest in migration recovery" classname="session authority pre-store migration" time="0.010458" file="test/session-authority-migration.test.ts" line="1498" assertions="4" />
      <testcase name="rebuilds a missing checkpoint after destination replacement" classname="session authority pre-store migration" time="0.014126" file="test/session-authority-migration.test.ts" line="1515" assertions="3" />
      <testcase name="preserves nested journal operation results and transcript events" classname="session authority pre-store migration" time="0.012687" file="test/session-authority-migration.test.ts" line="1538" assertions="3" />
      <testcase name="quarantines malformed source and fails closed without clearing it" classname="session authority pre-store migration" time="0.008514" file="test/session-authority-migration.test.ts" line="1577" assertions="5" />
      <testcase name="degrades on a malformed manifest without changing legacy source bytes" classname="session authority pre-store migration" time="0.007161" file="test/session-authority-migration.test.ts" line="1597" assertions="5" />
      <testcase name="degrades on a malformed manifest without changing current scoped v2 bytes" classname="session authority pre-store migration" time="0.007056" file="test/session-authority-migration.test.ts" line="1627" assertions="5" />
      <testcase name="preserves source evidence when the checkpoint path is unreadable" classname="session authority pre-store migration" time="0.005603" file="test/session-authority-migration.test.ts" line="1656" assertions="4" />
    </testsuite>
  </testsuite>
  <testsuite name="test/live-chat-context.test.ts" file="test/live-chat-context.test.ts" tests="8" assertions="24" failures="0" skipped="0" time="0" hostname="snowyserver-n100">
    <testsuite name="live OpenAI-compatible OpenWebUI file context" file="test/live-chat-context.test.ts" line="39" tests="8" assertions="24" failures="0" skipped="0" time="0.147" hostname="snowyserver-n100">
      <testcase name="includes OpenWebUI system file context with the latest user prompt" classname="live OpenAI-compatible OpenWebUI file context" time="0.001259" file="test/live-chat-context.test.ts" line="40" assertions="2" />
      <testcase name="guards OpenWebUI RAG context embedded in the user message without hiding the user request" classname="live OpenAI-compatible OpenWebUI file context" time="0.00055" file="test/live-chat-context.test.ts" line="68" assertions="2" />
      <testcase name="does not let file content close an OpenWebUI RAG context guard early" classname="live OpenAI-compatible OpenWebUI file context" time="0.000393" file="test/live-chat-context.test.ts" line="99" assertions="3" />
      <testcase name="confines a normal user to the supplied private workspace instead of a chat folder project" classname="live OpenAI-compatible OpenWebUI file context" time="0.02249" file="test/live-chat-context.test.ts" line="128" assertions="6" />
      <testcase name="binds normal delivery and file resolution to the forwarded principal" classname="live OpenAI-compatible OpenWebUI file context" time="0.029577" file="test/live-chat-context.test.ts" line="169" assertions="2" />
      <testcase name="rejects a concurrent normal turn before invoking the runner and releases the first turn" classname="live OpenAI-compatible OpenWebUI file context" time="0.023905" file="test/live-chat-context.test.ts" line="224" assertions="3" />
      <testcase name="keeps the durable workspace lease outside the workspace and releases it on stream abandon and completion" classname="live OpenAI-compatible OpenWebUI file context" time="0.072616" file="test/live-chat-context.test.ts" line="288" assertions="4" />
      <testcase name="fails closed on lease acquisition without invoking the runner" classname="live OpenAI-compatible OpenWebUI file context" time="0.000832" file="test/live-chat-context.test.ts" line="345" assertions="2" />
    </testsuite>
  </testsuite>
  <testsuite name="test/gjc-routing-runner-workflow-gates.test.ts" file="test/gjc-routing-runner-workflow-gates.test.ts" tests="15" assertions="65" failures="0" skipped="0" time="0" hostname="snowyserver-n100">
    <testsuite name="createGjcRoutingLiveGatewayRunner workflow gates" file="test/gjc-routing-runner-workflow-gates.test.ts" line="27" tests="15" assertions="65" failures="0" skipped="0" time="0.062" hostname="snowyserver-n100">
      <testcase name="surfaces workflow gate options as the assistant message" classname="createGjcRoutingLiveGatewayRunner workflow gates" time="0.001779" file="test/gjc-routing-runner-workflow-gates.test.ts" line="28" assertions="3" />
      <testcase name="routes numbered workflow gate replies back to GJC instead of continuing the session" classname="createGjcRoutingLiveGatewayRunner workflow gates" time="0.002897" file="test/gjc-routing-runner-workflow-gates.test.ts" line="48" assertions="4" />
      <testcase name="streams resumed workflow gate events before completion" classname="createGjcRoutingLiveGatewayRunner workflow gates" time="0.003752" file="test/gjc-routing-runner-workflow-gates.test.ts" line="72" assertions="5" />
      <testcase name="delivers workflow gate artifact fallback after terminal-only observation" classname="createGjcRoutingLiveGatewayRunner workflow gates" time="0.002279" file="test/gjc-routing-runner-workflow-gates.test.ts" line="113" assertions="1" />
      <testcase name="cold-resumes a persisted gate binding and answers its exact session without starting a new turn" classname="createGjcRoutingLiveGatewayRunner workflow gates" time="0.014815" file="test/gjc-routing-runner-workflow-gates.test.ts" line="146" assertions="4" />
      <testcase name="rejects invalid numbered workflow gate replies without answering GJC" classname="createGjcRoutingLiveGatewayRunner workflow gates" time="0.000819" file="test/gjc-routing-runner-workflow-gates.test.ts" line="174" assertions="3" />
      <testcase name="rejects workflow gate replies when the stored session file is outside the project session root" classname="createGjcRoutingLiveGatewayRunner workflow gates" time="0.001097" file="test/gjc-routing-runner-workflow-gates.test.ts" line="184" assertions="2" />
      <testcase name="routes numbered approval gate replies as structured decisions" classname="createGjcRoutingLiveGatewayRunner workflow gates" time="0.001777" file="test/gjc-routing-runner-workflow-gates.test.ts" line="193" assertions="1" />
      <testcase name="classifies duplicate replay before catalog or transport and keeps its immutable binding" classname="createGjcRoutingLiveGatewayRunner workflow gates" time="0.001042" file="test/gjc-routing-runner-workflow-gates.test.ts" line="209" assertions="4" />
      <testcase name="rejects pending missing or mismatched bindings without mutable reads or writes" classname="createGjcRoutingLiveGatewayRunner workflow gates" time="0.001481" file="test/gjc-routing-runner-workflow-gates.test.ts" line="233" assertions="8" />
      <testcase name="answers a matching pending gate from its bound tuple despite mutable catalog drift" classname="createGjcRoutingLiveGatewayRunner workflow gates" time="0.001833" file="test/gjc-routing-runner-workflow-gates.test.ts" line="261" assertions="4" />
      <testcase name="keeps file-backed bytes and outbox unchanged after selected setter failure" classname="createGjcRoutingLiveGatewayRunner workflow gates" time="0.014204" file="test/gjc-routing-runner-workflow-gates.test.ts" line="289" assertions="9" />
      <testcase name="keeps file-backed bytes and outbox unchanged after selected prompt failure" classname="createGjcRoutingLiveGatewayRunner workflow gates" time="0.010919" file="test/gjc-routing-runner-workflow-gates.test.ts" line="289" assertions="9" />
      <testcase name="loads a v2 document without provisional operations until its next mutation" classname="createGjcRoutingLiveGatewayRunner workflow gates" time="0.006194" file="test/gjc-routing-runner-workflow-gates.test.ts" line="360" assertions="4" />
      <testcase name="quarantines a legacy authority before writing v2 state" classname="createGjcRoutingLiveGatewayRunner workflow gates" time="0.005783" file="test/gjc-routing-runner-workflow-gates.test.ts" line="393" assertions="4" />
    </testsuite>
  </testsuite>
  <testsuite name="test/session-file.test.ts" file="test/session-file.test.ts" tests="8" assertions="9" failures="0" skipped="0" time="0.009" hostname="snowyserver-n100">
    <testcase name="migrates an explicitly mapped v3 legacy transcript whose header identifies the mapped session" classname="" time="0.006587" file="test/session-file.test.ts" line="32" assertions="2" />
    <testcase name="preserves the SDK boundary error for a missing legacy mapping discriminator" classname="" time="0.000754" file="test/session-file.test.ts" line="55" assertions="1" />
    <testcase name="preserves the SDK boundary error for a generic boundary" classname="" time="0.000623" file="test/session-file.test.ts" line="55" assertions="1" />
    <testcase name="preserves the SDK boundary error for a bad header" classname="" time="0.00053" file="test/session-file.test.ts" line="55" assertions="1" />
    <testcase name="preserves the SDK boundary error for a header identity mismatch" classname="" time="0.000578" file="test/session-file.test.ts" line="55" assertions="1" />
    <testcase name="preserves the SDK boundary error when a legacy transcript belongs to a foreign project cwd" classname="" time="0.001017" file="test/session-file.test.ts" line="67" assertions="1" />
    <testcase name="migrates a legacy transcript whose cwd is a symlink equivalent to the registered project cwd" classname="" time="0.002416" file="test/session-file.test.ts" line="82" assertions="1" />
    <testcase name="preserves the SDK boundary error for a legacy-root symlink" classname="" time="0.000757" file="test/session-file.test.ts" line="96" assertions="1" />
  </testsuite>
  <testsuite name="test/server.test.ts" file="test/server.test.ts" tests="20" assertions="64" failures="0" skipped="0" time="0" hostname="snowyserver-n100">
    <testsuite name="createAdapterRequestHandler" file="test/server.test.ts" line="14" tests="13" assertions="45" failures="0" skipped="0" time="0.002" hostname="snowyserver-n100">
      <testcase name="returns health status" classname="createAdapterRequestHandler" time="0.000365" file="test/server.test.ts" line="15" assertions="2" />
      <testcase name="returns 404 for unknown routes" classname="createAdapterRequestHandler" time="0.000228" file="test/server.test.ts" line="26" assertions="2" />
      <testcase name="returns model list from optional route dependencies" classname="createAdapterRequestHandler" time="0.000831" file="test/server.test.ts" line="33" assertions="2" />
      <testcase name="advertises the Codex display name without changing its canonical model ID" classname="createAdapterRequestHandler" time="0.000672" file="test/server.test.ts" line="54" assertions="2" />
      <testcase name="requires configured adapter bearer tokens for OpenAI-compatible routes" classname="createAdapterRequestHandler" time="0.000585" file="test/server.test.ts" line="90" assertions="3" />
      <testcase name="requires a forwarded user identity before serving the shared model catalog" classname="createAdapterRequestHandler" time="0.000682" file="test/server.test.ts" line="113" assertions="4" />
      <testcase name="fails closed when CLI service requires but lacks an adapter API token" classname="createAdapterRequestHandler" time="0.000216" file="test/server.test.ts" line="142" assertions="2" />
      <testcase name="protects runtime readiness separately from the provider bearer token" classname="createAdapterRequestHandler" time="0.000998" file="test/server.test.ts" line="158" assertions="5" />
      <testcase name="routes a canonical Codex ID without using its display name as authority" classname="createAdapterRequestHandler" time="0.000957" file="test/server.test.ts" line="188" assertions="4" />
      <testcase name="rejects a Codex display label as a model authority" classname="createAdapterRequestHandler" time="0.000495" file="test/server.test.ts" line="230" assertions="3" />
      <testcase name="keeps malformed JSON errors and streaming responses on the current chat route" classname="createAdapterRequestHandler" time="0.001586" file="test/server.test.ts" line="268" assertions="4" />
      <testcase name="uses a client operation ID for close responses without persisting the bearer token" classname="createAdapterRequestHandler" time="0.001899" file="test/server.test.ts" line="304" assertions="6" />
      <testcase name="rejects close requests without a principal and never falls back to unscoped mappings" classname="createAdapterRequestHandler" time="0.00032" file="test/server.test.ts" line="354" assertions="6" />
    </testsuite>
    <testsuite name="Bun transport configuration" file="test/server.test.ts" line="395" tests="7" assertions="19" failures="0" skipped="0" time="0.049" hostname="snowyserver-n100">
      <testcase name="sets a bounded idle timeout above Bun&apos;s default" classname="Bun transport configuration" time="0.008656" file="test/server.test.ts" line="396" assertions="1" />
      <testcase name="starts server and runner shutdown concurrently, then releases the lock" classname="Bun transport configuration" time="0.004246" file="test/server.test.ts" line="418" assertions="4" />
      <testcase name="runs optional shutdown cleanup before releasing the lock and skips it when absent" classname="Bun transport configuration" time="0.003212" file="test/server.test.ts" line="483" assertions="3" />
      <testcase name="rounds configured turn timeouts up, with headroom, and disables idle timeout above Bun&apos;s limit" classname="Bun transport configuration" time="0.017916" file="test/server.test.ts" line="544" assertions="1" />
      <testcase name="stops the route runner and releases the lock when Bun.serve initialization fails" classname="Bun transport configuration" time="0.007119" file="test/server.test.ts" line="566" assertions="2" />
      <testcase name="aggregates startup and cleanup failures, including lock release" classname="Bun transport configuration" time="0.004017" file="test/server.test.ts" line="602" assertions="3" />
      <testcase name="rejects invalid turn timeout values before serving" classname="Bun transport configuration" time="0.006747" file="test/server.test.ts" line="649" assertions="5" />
    </testsuite>
  </testsuite>
</testsuites>
